1565278720607:add
1565278726205:add 1 2
1565278752968:help
1565278781123:help add
1565278823895:add 1 2
1565278827993:add12
1565280364620:add 1 2
1565280430680:add
1565280436208:add 1 2
1565283322543:warehouse 6
1565283338461:store 72527273070 White
1565283655944:warehouse 6
1565283678181:store 72527273070 White
1565283693133:store 72527273071 Green
1565284652995:warehouse 6
1565284665792:store 72527273071 Green
1565284947628:warehouse 6
1565284972597:store 72527273071 Green
1565284988723:store 72527273070 White
1565340881672:warehouse 6
1565340944314:store w23ef4 white
1565346973628:warehouse 6
1565347020647:store 72527273070 White
1565347274781:warehouse 6
1565347295677:store 72527273070 White
1565347350285:store 72527273071 Green
1565347379882:store 72537113170 Purple
1565347387712:store 72537113171 Black
1565347411273:store 72537113172 Black
1565347426106:store 72537113173 Green
1565347445361:sell 4
1565347489099:status
1565347512625:store 82527273075 White
1565358667364:warehouse 6
